2024-11-08 20:50:15,945 [INFO] Activator:176 - 


2024-11-08 20:50:15,948 [INFO] Activator:177 - !SESSION log4j initialized
2024-11-08 20:50:19,756 [INFO] LogOutputStream:77 - [STDOUT_REDIRECT] 
2024-11-08 20:50:27,607 [INFO] ApplicationProperties:184 - Using Application install path: C:\ST\STM32CubeIDE_1.16.1\STM32CubeIDE\plugins\com.st.stm32cube.common.mx_6.12.1.202409122256
2024-11-08 20:50:27,636 [INFO] DbMcusXml:78 - Set database path to: C:\ST\STM32CubeIDE_1.16.1\STM32CubeIDE\plugins\com.st.stm32cube.common.mx_6.12.1.202409122256\\db\/mcu/
2024-11-08 20:50:27,638 [INFO] ApiDb:274 - Set plugin database path to: C:\ST\STM32CubeIDE_1.16.1\STM32CubeIDE\plugins\com.st.stm32cube.common.mx_6.12.1.202409122256\\db\/plugins/boardmanager/
2024-11-08 20:50:27,639 [WARN] ApiDb:259 - Overriding images path with different value:  => C:\ST\STM32CubeIDE_1.16.1\STM32CubeIDE\plugins\com.st.stm32cube.common.mx_6.12.1.202409122256\\db\/plugins/mcufinder/images/
2024-11-08 20:50:27,650 [INFO] ApiDb:250 - Set database path to: C:\Users\lenovo\.stmcufinder\plugins\mcufinder//mcu/
2024-11-08 20:50:27,652 [INFO] DbMcusAds:125 - Set database path to: C:\Users\lenovo\.stmcufinder\plugins\mcufinder//mcu/
2024-11-08 20:50:27,659 [INFO] CrossReferenceDbSqlite:203 - Set database path to: C:\Users\lenovo\.stmcufinder\plugins\mcufinder//mcu/cs/
2024-11-08 20:50:27,858 [INFO] RulesReader:64 - Compatibility file has been processed (297 Rules)
2024-11-08 20:50:28,020 [INFO] DbMcusXml:78 - Set database path to: C:\ST\STM32CubeIDE_1.16.1\STM32CubeIDE\plugins\com.st.stm32cube.common.mx_6.12.1.202409122256\\db\/mcu/
2024-11-08 20:50:28,021 [INFO] ApiDb:274 - Set plugin database path to: C:\ST\STM32CubeIDE_1.16.1\STM32CubeIDE\plugins\com.st.stm32cube.common.mx_6.12.1.202409122256\\db\/plugins/boardmanager/
2024-11-08 20:50:28,021 [INFO] ApiDb:261 - Set plugin images path to: C:\ST\STM32CubeIDE_1.16.1\STM32CubeIDE\plugins\com.st.stm32cube.common.mx_6.12.1.202409122256\\db\/plugins/mcufinder/images/
2024-11-08 20:50:28,021 [WARN] DbFile:41 - Overriding database path with different value: C:\Users\lenovo\.stmcufinder\plugins\mcufinder/ => C:\Users\lenovo\.stmcufinder\plugins\mcufinder
2024-11-08 20:50:28,022 [INFO] ApiDb:250 - Set database path to: C:\Users\lenovo\.stmcufinder\plugins\mcufinder//mcu/
2024-11-08 20:50:28,022 [WARN] DbFile:41 - Overriding database path with different value: C:\Users\lenovo\.stmcufinder\plugins\mcufinder/ => C:\Users\lenovo\.stmcufinder\plugins\mcufinder
2024-11-08 20:50:28,022 [INFO] DbMcusAds:125 - Set database path to: C:\Users\lenovo\.stmcufinder\plugins\mcufinder//mcu/
2024-11-08 20:50:28,022 [WARN] DbFile:41 - Overriding database path with different value: C:\Users\lenovo\.stmcufinder\plugins\mcufinder/ => C:\Users\lenovo\.stmcufinder\plugins\mcufinder
2024-11-08 20:50:28,022 [WARN] DbFile:41 - Overriding database path with different value: C:\Users\lenovo\.stmcufinder\plugins\mcufinder/ => C:\Users\lenovo\.stmcufinder\plugins\mcufinder
2024-11-08 20:50:28,022 [INFO] CrossReferenceDbSqlite:203 - Set database path to: C:\Users\lenovo\.stmcufinder\plugins\mcufinder//mcu/cs/
2024-11-08 20:50:28,235 [INFO] MainPanel:268 - HeapMemory: 268435456
2024-11-08 20:50:28,395 [INFO] DbMcusXml:78 - Set database path to: C:\ST\STM32CubeIDE_1.16.1\STM32CubeIDE\plugins\com.st.stm32cube.common.mx_6.12.1.202409122256\\db\/mcu/
2024-11-08 20:50:28,396 [INFO] ApiDb:274 - Set plugin database path to: C:\ST\STM32CubeIDE_1.16.1\STM32CubeIDE\plugins\com.st.stm32cube.common.mx_6.12.1.202409122256\\db\/plugins/boardmanager/
2024-11-08 20:50:28,396 [INFO] ApiDb:261 - Set plugin images path to: C:\ST\STM32CubeIDE_1.16.1\STM32CubeIDE\plugins\com.st.stm32cube.common.mx_6.12.1.202409122256\\db\/plugins/mcufinder/images/
2024-11-08 20:50:28,396 [WARN] DbFile:41 - Overriding database path with different value: C:\Users\lenovo\.stmcufinder\plugins\mcufinder/ => C:\Users\lenovo\.stmcufinder\plugins\mcufinder
2024-11-08 20:50:28,397 [INFO] ApiDb:250 - Set database path to: C:\Users\lenovo\.stmcufinder\plugins\mcufinder//mcu/
2024-11-08 20:50:28,397 [WARN] DbFile:41 - Overriding database path with different value: C:\Users\lenovo\.stmcufinder\plugins\mcufinder/ => C:\Users\lenovo\.stmcufinder\plugins\mcufinder
2024-11-08 20:50:28,397 [INFO] DbMcusAds:125 - Set database path to: C:\Users\lenovo\.stmcufinder\plugins\mcufinder//mcu/
2024-11-08 20:50:28,397 [WARN] DbFile:41 - Overriding database path with different value: C:\Users\lenovo\.stmcufinder\plugins\mcufinder/ => C:\Users\lenovo\.stmcufinder\plugins\mcufinder
2024-11-08 20:50:28,397 [WARN] DbFile:41 - Overriding database path with different value: C:\Users\lenovo\.stmcufinder\plugins\mcufinder/ => C:\Users\lenovo\.stmcufinder\plugins\mcufinder
2024-11-08 20:50:28,397 [INFO] CrossReferenceDbSqlite:203 - Set database path to: C:\Users\lenovo\.stmcufinder\plugins\mcufinder//mcu/cs/
2024-11-08 20:50:28,422 [INFO] ApplicationProperties:184 - Using Application install path: C:\ST\STM32CubeIDE_1.16.1\STM32CubeIDE\plugins\com.st.stm32cube.common.mx_6.12.1.202409122256
2024-11-08 20:50:28,425 [INFO] PluginManage:196 - Search for loadable plugins [exclusion list=, ]
2024-11-08 20:50:28,427 [INFO] PluginManage:310 - Check plugin analytics
2024-11-08 20:50:33,549 [INFO] AnalyticsPlugin:253 - Accepted Software Licenses: 
2024-11-08 20:50:33,549 [INFO] AnalyticsPlugin:255 - Accepted CMSIS Pack Licenses: 
2024-11-08 20:50:33,549 [INFO] AnalyticsPlugin:257 - Accepted Firmware Licenses: FW.F4.1.28.0
2024-11-08 20:50:33,551 [INFO] PluginManage:359 - Loaded plugin analytics (category:tool,tabindex:-1)
2024-11-08 20:50:33,551 [INFO] PluginManage:310 - Check plugin cadmodel
2024-11-08 20:50:33,557 [INFO] CADModel:105 - Init CAD model plugin
2024-11-08 20:50:33,557 [INFO] PluginManage:359 - Loaded plugin cadmodel (category:power,tabindex:5)
2024-11-08 20:50:33,558 [INFO] PluginManage:310 - Check plugin clock
2024-11-08 20:50:33,569 [INFO] PluginManage:359 - Loaded plugin clock (category:base,tabindex:2)
2024-11-08 20:50:33,569 [INFO] PluginManage:310 - Check plugin ddr
2024-11-08 20:50:33,572 [INFO] PluginManage:359 - Loaded plugin ddr (category:tool,tabindex:6)
2024-11-08 20:50:33,572 [INFO] PluginManage:310 - Check plugin filemanager
2024-11-08 20:50:33,754 [INFO] PluginManage:359 - Loaded plugin filemanager (category:base,tabindex:10)
2024-11-08 20:50:33,755 [INFO] PluginManage:310 - Check plugin ipmanager
2024-11-08 20:50:33,772 [INFO] PluginManage:359 - Loaded plugin ipmanager (category:base,tabindex:5)
2024-11-08 20:50:33,772 [INFO] PluginManage:310 - Check plugin lpbam
2024-11-08 20:50:33,784 [INFO] PluginManage:359 - Loaded plugin lpbam (category:base,tabindex:0)
2024-11-08 20:50:33,784 [INFO] PluginManage:310 - Check plugin memorymap
2024-11-08 20:50:33,814 [INFO] PluginManage:359 - Loaded plugin memorymap (category:base,tabindex:4)
2024-11-08 20:50:33,814 [INFO] PluginManage:310 - Check plugin pinoutandconfiguration
2024-11-08 20:50:33,826 [INFO] PluginManage:359 - Loaded plugin pinoutandconfiguration (category:base,tabindex:1)
2024-11-08 20:50:33,826 [INFO] PluginManage:310 - Check plugin pinoutconfig
2024-11-08 20:50:33,929 [WARN] SupportedApi:132 - Cannot load RTOS API schema: s4s-elt-must-match.1: The content of 'definitions' must match (annotation?, (simpleType | complexType)?, (unique | key | keyref)*)). A problem was found starting at: attribute.
2024-11-08 20:50:34,087 [INFO] PluginManage:359 - Loaded plugin pinoutconfig (category:base,tabindex:0)
2024-11-08 20:50:34,087 [INFO] PluginManage:310 - Check plugin power
2024-11-08 20:50:34,100 [INFO] PluginManage:359 - Loaded plugin power (category:power,tabindex:4)
2024-11-08 20:50:34,100 [INFO] PluginManage:310 - Check plugin projectmanager
2024-11-08 20:50:34,121 [INFO] PluginManage:359 - Loaded plugin projectmanager (category:projectmanager,tabindex:4)
2024-11-08 20:50:34,122 [INFO] PluginManage:310 - Check plugin rif
2024-11-08 20:50:34,134 [INFO] PluginManage:359 - Loaded plugin rif (category:base,tabindex:3)
2024-11-08 20:50:34,135 [INFO] PluginManage:310 - Check plugin thirdparty
2024-11-08 20:50:34,298 [INFO] PluginManage:359 - Loaded plugin thirdparty (category:base,tabindex:-1)
2024-11-08 20:50:34,298 [WARN] IntegrityCheckThread:84 - waiting for thirdparty lock release [integrity check]
2024-11-08 20:50:34,298 [INFO] IntegrityCheckThread:86 - entering critical section [integrity check]
2024-11-08 20:50:34,298 [INFO] PluginManage:310 - Check plugin tools
2024-11-08 20:50:34,299 [INFO] ThirdPartyUpdaterWithRetryManager:70 - Updater plugin not ready yet. [1/15]
2024-11-08 20:50:34,301 [INFO] PluginManage:359 - Loaded plugin tools (category:base,tabindex:7)
2024-11-08 20:50:34,301 [INFO] PluginManage:310 - Check plugin tutovideos
2024-11-08 20:50:34,523 [INFO] PluginManage:359 - Loaded plugin tutovideos (category:base,tabindex:-1)
2024-11-08 20:50:34,523 [INFO] PluginManage:310 - Check plugin updater
2024-11-08 20:50:34,544 [INFO] PluginManage:359 - Loaded plugin updater (category:base,tabindex:12)
2024-11-08 20:50:34,545 [INFO] PluginManage:310 - Check plugin userauth
2024-11-08 20:50:34,552 [INFO] UserAuth:113 - Init User Auth plugin
2024-11-08 20:50:34,553 [INFO] PluginManage:359 - Loaded plugin userauth (category:base,tabindex:14)
2024-11-08 20:50:34,553 [INFO] PluginManage:283 - PluginManage : Loaded plugins [18]
2024-11-08 20:50:34,766 [INFO] PinOutPanel:1561 - setPackage(No Configuration,No Configuration)
2024-11-08 20:50:34,855 [INFO] CADModel:165 - CPN selected for project level
2024-11-08 20:50:34,856 [INFO] CADModel:114 - Register for checkConnection events
2024-11-08 20:50:34,872 [INFO] IPUIPlugin:80 - create IPUIPlugin
2024-11-08 20:50:34,872 [INFO] PluginManager:220 - loadIPPluginJar : add adc
2024-11-08 20:50:34,874 [INFO] IPUIPlugin:80 - create IPUIPlugin
2024-11-08 20:50:34,874 [INFO] PluginManager:220 - loadIPPluginJar : add aes
2024-11-08 20:50:34,877 [INFO] IPUIPlugin:80 - create IPUIPlugin
2024-11-08 20:50:34,877 [INFO] PluginManager:220 - loadIPPluginJar : add can
2024-11-08 20:50:34,878 [INFO] IPUIPlugin:80 - create IPUIPlugin
2024-11-08 20:50:34,878 [INFO] PluginManager:220 - loadIPPluginJar : add comp
2024-11-08 20:50:34,880 [INFO] IPUIPlugin:80 - create IPUIPlugin
2024-11-08 20:50:34,880 [INFO] PluginManager:220 - loadIPPluginJar : add cryp
2024-11-08 20:50:34,882 [INFO] IPUIPlugin:80 - create IPUIPlugin
2024-11-08 20:50:34,882 [INFO] PluginManager:220 - loadIPPluginJar : add ddr_ctrl_phy
2024-11-08 20:50:34,884 [INFO] IPUIPlugin:80 - create IPUIPlugin
2024-11-08 20:50:34,884 [INFO] PluginManager:220 - loadIPPluginJar : add dfsdm
2024-11-08 20:50:34,890 [INFO] IPUIPlugin:80 - create IPUIPlugin
2024-11-08 20:50:34,890 [INFO] PluginManager:220 - loadIPPluginJar : add dma
2024-11-08 20:50:34,893 [INFO] IPUIPlugin:80 - create IPUIPlugin
2024-11-08 20:50:34,893 [INFO] PluginManager:220 - loadIPPluginJar : add dma3
2024-11-08 20:50:34,895 [INFO] IPUIPlugin:80 - create IPUIPlugin
2024-11-08 20:50:34,895 [INFO] PluginManager:220 - loadIPPluginJar : add extmemmanager
2024-11-08 20:50:34,897 [INFO] IPUIPlugin:80 - create IPUIPlugin
2024-11-08 20:50:34,897 [INFO] PluginManager:220 - loadIPPluginJar : add fatfs
2024-11-08 20:50:34,900 [INFO] IPUIPlugin:80 - create IPUIPlugin
2024-11-08 20:50:34,900 [INFO] PluginManager:220 - loadIPPluginJar : add fmc
2024-11-08 20:50:34,905 [INFO] IPUIPlugin:80 - create IPUIPlugin
2024-11-08 20:50:34,905 [INFO] PluginManager:220 - loadIPPluginJar : add freertos
2024-11-08 20:50:34,907 [INFO] IPUIPlugin:80 - create IPUIPlugin
2024-11-08 20:50:34,907 [INFO] PluginManager:220 - loadIPPluginJar : add genericplugin
2024-11-08 20:50:34,909 [INFO] IPUIPlugin:80 - create IPUIPlugin
2024-11-08 20:50:34,909 [INFO] PluginManager:220 - loadIPPluginJar : add gfxmmu
2024-11-08 20:50:34,913 [INFO] IPUIPlugin:80 - create IPUIPlugin
2024-11-08 20:50:34,913 [INFO] PluginManager:220 - loadIPPluginJar : add gic
2024-11-08 20:50:34,916 [INFO] IPUIPlugin:80 - create IPUIPlugin
2024-11-08 20:50:34,916 [INFO] PluginManager:220 - loadIPPluginJar : add gpio
2024-11-08 20:50:34,919 [INFO] IPUIPlugin:80 - create IPUIPlugin
2024-11-08 20:50:34,919 [INFO] PluginManager:220 - loadIPPluginJar : add gtzc
2024-11-08 20:50:34,920 [INFO] IPUIPlugin:80 - create IPUIPlugin
2024-11-08 20:50:34,921 [INFO] PluginManager:220 - loadIPPluginJar : add hash
2024-11-08 20:50:34,923 [INFO] IPUIPlugin:80 - create IPUIPlugin
2024-11-08 20:50:34,923 [INFO] PluginManager:220 - loadIPPluginJar : add i2c
2024-11-08 20:50:34,925 [INFO] IPUIPlugin:80 - create IPUIPlugin
2024-11-08 20:50:34,925 [INFO] PluginManager:220 - loadIPPluginJar : add i2s
2024-11-08 20:50:34,928 [INFO] IPUIPlugin:80 - create IPUIPlugin
2024-11-08 20:50:34,928 [INFO] PluginManager:220 - loadIPPluginJar : add i3c
2024-11-08 20:50:34,932 [INFO] IPUIPlugin:80 - create IPUIPlugin
2024-11-08 20:50:34,932 [INFO] PluginManager:220 - loadIPPluginJar : add ipddr
2024-11-08 20:50:34,938 [INFO] IPUIPlugin:80 - create IPUIPlugin
2024-11-08 20:50:34,938 [INFO] PluginManager:220 - loadIPPluginJar : add linkedlist
2024-11-08 20:50:34,940 [INFO] IPUIPlugin:80 - create IPUIPlugin
2024-11-08 20:50:34,940 [INFO] PluginManager:220 - loadIPPluginJar : add lorawan
2024-11-08 20:50:34,941 [INFO] IPUIPlugin:80 - create IPUIPlugin
2024-11-08 20:50:34,941 [INFO] PluginManager:220 - loadIPPluginJar : add ltdc
2024-11-08 20:50:34,946 [INFO] IPUIPlugin:80 - create IPUIPlugin
2024-11-08 20:50:34,946 [INFO] PluginManager:220 - loadIPPluginJar : add mdma
2024-11-08 20:50:34,948 [INFO] IPUIPlugin:80 - create IPUIPlugin
2024-11-08 20:50:34,948 [INFO] PluginManager:220 - loadIPPluginJar : add nvic
2024-11-08 20:50:34,950 [INFO] IPUIPlugin:80 - create IPUIPlugin
2024-11-08 20:50:34,950 [INFO] PluginManager:220 - loadIPPluginJar : add opamp
2024-11-08 20:50:34,953 [INFO] IPUIPlugin:80 - create IPUIPlugin
2024-11-08 20:50:34,953 [INFO] PluginManager:220 - loadIPPluginJar : add openamp
2024-11-08 20:50:34,957 [INFO] IPUIPlugin:80 - create IPUIPlugin
2024-11-08 20:50:34,957 [INFO] PluginManager:220 - loadIPPluginJar : add pdm2pcm
2024-11-08 20:50:34,963 [INFO] IPUIPlugin:80 - create IPUIPlugin
2024-11-08 20:50:34,965 [INFO] PluginManager:220 - loadIPPluginJar : add plateformsettings
2024-11-08 20:50:34,967 [INFO] IPUIPlugin:80 - create IPUIPlugin
2024-11-08 20:50:34,967 [INFO] PluginManager:220 - loadIPPluginJar : add quadspi
2024-11-08 20:50:34,968 [INFO] IPUIPlugin:80 - create IPUIPlugin
2024-11-08 20:50:34,969 [INFO] PluginManager:220 - loadIPPluginJar : add radio
2024-11-08 20:50:34,972 [INFO] IPUIPlugin:80 - create IPUIPlugin
2024-11-08 20:50:34,973 [INFO] PluginManager:220 - loadIPPluginJar : add resmgrutility
2024-11-08 20:50:34,974 [INFO] IPUIPlugin:80 - create IPUIPlugin
2024-11-08 20:50:34,975 [INFO] PluginManager:220 - loadIPPluginJar : add sai
2024-11-08 20:50:34,977 [INFO] IPUIPlugin:80 - create IPUIPlugin
2024-11-08 20:50:34,977 [INFO] PluginManager:220 - loadIPPluginJar : add spi
2024-11-08 20:50:34,982 [INFO] IPUIPlugin:80 - create IPUIPlugin
2024-11-08 20:50:34,982 [INFO] PluginManager:220 - loadIPPluginJar : add stm32_wpan
2024-11-08 20:50:34,985 [INFO] IPUIPlugin:80 - create IPUIPlugin
2024-11-08 20:50:34,985 [INFO] PluginManager:220 - loadIPPluginJar : add tim
2024-11-08 20:50:34,988 [INFO] IPUIPlugin:80 - create IPUIPlugin
2024-11-08 20:50:34,988 [INFO] PluginManager:220 - loadIPPluginJar : add touchsensing
2024-11-08 20:50:34,990 [INFO] IPUIPlugin:80 - create IPUIPlugin
2024-11-08 20:50:34,990 [INFO] PluginManager:220 - loadIPPluginJar : add tracer_emb
2024-11-08 20:50:34,992 [INFO] IPUIPlugin:80 - create IPUIPlugin
2024-11-08 20:50:34,992 [INFO] PluginManager:220 - loadIPPluginJar : add ts
2024-11-08 20:50:34,996 [INFO] IPUIPlugin:80 - create IPUIPlugin
2024-11-08 20:50:34,997 [INFO] PluginManager:220 - loadIPPluginJar : add tsc
2024-11-08 20:50:35,000 [INFO] IPUIPlugin:80 - create IPUIPlugin
2024-11-08 20:50:35,000 [INFO] PluginManager:220 - loadIPPluginJar : add ucpd
2024-11-08 20:50:35,002 [INFO] IPUIPlugin:80 - create IPUIPlugin
2024-11-08 20:50:35,002 [INFO] PluginManager:220 - loadIPPluginJar : add usart
2024-11-08 20:50:35,005 [INFO] IPUIPlugin:80 - create IPUIPlugin
2024-11-08 20:50:35,005 [INFO] PluginManager:220 - loadIPPluginJar : add usbx
2024-11-08 20:50:35,142 [INFO] CADModel:165 - CPN selected for project level
2024-11-08 20:50:35,142 [INFO] CADModel:114 - Register for checkConnection events
2024-11-08 20:50:35,144 [FATAL] Updater:334 - Updater called before beeing initialized
2024-11-08 20:50:35,144 [ERROR] CADModel:125 - Updater not yet initialized, retry later 
2024-11-08 20:50:35,283 [INFO] CADModel:165 - CPN selected for project level
2024-11-08 20:50:35,283 [INFO] CADModel:114 - Register for checkConnection events
2024-11-08 20:50:35,283 [FATAL] Updater:334 - Updater called before beeing initialized
2024-11-08 20:50:35,283 [ERROR] CADModel:125 - Updater not yet initialized, retry later 
2024-11-08 20:50:35,286 [FATAL] Updater:334 - Updater called before beeing initialized
2024-11-08 20:50:35,378 [FATAL] Updater:334 - Updater called before beeing initialized
2024-11-08 20:50:35,382 [INFO] DbMcusAds:53 - JSON generation date=Fri Sep 20 20:04:38 ICT 2024 (1726837478367)
2024-11-08 20:50:35,382 [FATAL] Updater:334 - Updater called before beeing initialized
2024-11-08 20:50:35,419 [WARN] DetailPanel:346 - Failed to get advertising image, set to default
2024-11-08 20:50:35,505 [FATAL] Updater:334 - Updater called before beeing initialized
2024-11-08 20:50:35,506 [FATAL] Updater:334 - Updater called before beeing initialized
2024-11-08 20:50:35,507 [FATAL] Updater:334 - Updater called before beeing initialized
2024-11-08 20:50:35,507 [WARN] DetailPanel:346 - Failed to get advertising image, set to default
2024-11-08 20:50:35,507 [FATAL] Updater:334 - Updater called before beeing initialized
2024-11-08 20:50:35,555 [ERROR] Updater:1164 - MainUpdater not yet initialized. External WinMGr cannot be set.
2024-11-08 20:50:35,558 [INFO] Updater:1100 - Updater Version found : 6.12.1
2024-11-08 20:50:35,578 [INFO] ApplicationProperties:184 - Using Application install path: C:\ST\STM32CubeIDE_1.16.1\STM32CubeIDE\plugins\com.st.stm32cube.common.mx_6.12.1.202409122256
2024-11-08 20:50:35,884 [INFO] MainUpdater:2873 - connection check result : 10
2024-11-08 20:50:35,885 [INFO] MainUpdater:290 - Updater Check For Update Now.
2024-11-08 20:50:35,885 [INFO] MicroXplorer:498 - Change Database Version : DB.6.0.121
2024-11-08 20:50:35,893 [INFO] McuFinderGlobals:63 - Set McuFinder mode to 2 (CubeIDE integrated)
2024-11-08 20:50:35,894 [INFO] UserAuth:417 - Internet connection configuration mode: 1
2024-11-08 20:50:35,912 [INFO] JxBrowserEngine:152 - Initiate JxBrowser Engine with user profile folder
2024-11-08 20:50:36,055 [INFO] CheckServerUpdateThread:120 - End of CheckServer Thread
2024-11-08 20:50:37,797 [INFO] WebApp:167 - Instantiating new browser for Auth
2024-11-08 20:50:38,068 [WARN] PackLoader:240 - Cannot read IP mode file for STMicroelectronics.FP-SNS-MOTENVWB1.1.4.0
2024-11-08 20:50:38,092 [WARN] PackLoader:240 - Cannot read IP mode file for STMicroelectronics.X-CUBE-SMBUS.2.1.0
2024-11-08 20:50:38,111 [WARN] PackLoader:240 - Cannot read IP mode file for STMicroelectronics.X-CUBE-WB05N.1.1.0
2024-11-08 20:50:38,178 [WARN] PackLoader:240 - Cannot read IP mode file for STMicroelectronics.X-CUBE-AZRTOS-F7.1.1.0
2024-11-08 20:50:38,349 [WARN] PackLoader:240 - Cannot read IP mode file for STMicroelectronics.X-CUBE-MEMS1.11.0.0
2024-11-08 20:50:38,598 [WARN] PackLoader:240 - Cannot read IP mode file for STMicroelectronics.FP-SNS-FLIGHT1.5.0.2
2024-11-08 20:50:38,610 [WARN] PackLoader:240 - Cannot read IP mode file for STMicroelectronics.X-CUBE-DISPLAY.3.0.0
2024-11-08 20:50:38,624 [WARN] PackLoader:240 - Cannot read IP mode file for STMicroelectronics.X-CUBE-BLE1.7.0.0
2024-11-08 20:50:38,641 [WARN] PackLoader:240 - Cannot read IP mode file for STMicroelectronics.X-CUBE-NFC10.1.0.0
2024-11-08 20:50:38,654 [WARN] PackLoader:240 - Cannot read IP mode file for emotas.I-CUBE-CANOPEN.1.3.0
2024-11-08 20:50:38,674 [WARN] PackLoader:240 - Cannot read IP mode file for STMicroelectronics.X-CUBE-BLEMGR.3.1.0
2024-11-08 20:50:38,683 [WARN] PackLoader:240 - Cannot read IP mode file for STMicroelectronics.FP-SNS-SMARTAG2.1.2.0
2024-11-08 20:50:38,699 [INFO] LogOutputStream:77 - [STDOUT_REDIRECT] 1 : Invalid condition id : UX_CORESTACK_Condition cause : null
2024-11-08 20:50:38,700 [INFO] LogOutputStream:77 - [STDOUT_REDIRECT] 1 : Invalid condition id : UX_CORESTACK_Condition cause : null
2024-11-08 20:50:38,701 [INFO] LogOutputStream:77 - [STDOUT_REDIRECT] 1 : Invalid condition id : UX_CORESTACK_Condition cause : null
2024-11-08 20:50:38,702 [INFO] LogOutputStream:77 - [STDOUT_REDIRECT] 1 : Invalid condition id : UX_CORESTACK_Condition cause : null
2024-11-08 20:50:38,703 [INFO] LogOutputStream:77 - [STDOUT_REDIRECT] 1 : Invalid condition id : UX_CORESTACK_Condition cause : null
2024-11-08 20:50:38,707 [WARN] PackLoader:240 - Cannot read IP mode file for STMicroelectronics.X-CUBE-AZRTOS-WL.2.0.0
2024-11-08 20:50:38,716 [WARN] PackLoader:240 - Cannot read IP mode file for STMicroelectronics.FP-SNS-MOTENV1.5.0.0
2024-11-08 20:50:38,724 [WARN] PackLoader:240 - Cannot read IP mode file for wolfSSL.I-CUBE-wolfMQTT.1.19.0
2024-11-08 20:50:38,738 [WARN] PackLoader:240 - Cannot read IP mode file for WES.I-CUBE-Cesium.1.3.0
2024-11-08 20:50:38,744 [WARN] PackLoader:240 - Cannot read IP mode file for STMicroelectronics.X-CUBE-BLE2.3.3.0
2024-11-08 20:50:38,754 [WARN] PackLoader:240 - Cannot read IP mode file for STMicroelectronics.X-CUBE-NFC9.1.0.0
2024-11-08 20:50:38,770 [WARN] PackLoader:240 - Cannot read IP mode file for STMicroelectronics.X-CUBE-TCPP.4.1.0
2024-11-08 20:50:38,802 [WARN] PackLoader:240 - Cannot read IP mode file for STMicroelectronics.X-CUBE-AZRTOS-G0.1.1.0
2024-11-08 20:50:38,829 [WARN] PackLoader:240 - Cannot read IP mode file for STMicroelectronics.X-CUBE-SAFEA1.1.2.2
2024-11-08 20:50:38,844 [WARN] PackLoader:240 - Cannot read IP mode file for STMicroelectronics.X-CUBE-NFC4.3.0.0
2024-11-08 20:50:38,859 [WARN] PackLoader:240 - Cannot read IP mode file for EmbeddedOffice.I-CUBE-FS-RTOS.1.0.1
2024-11-08 20:50:38,861 [ERROR] ConditionMgr:805 - Attr not supported : Dmpu
2024-11-08 20:50:38,861 [ERROR] ConditionMgr:805 - Attr not supported : Dmpu
2024-11-08 20:50:38,862 [ERROR] ConditionMgr:805 - Attr not supported : Dmpu
2024-11-08 20:50:38,862 [ERROR] ConditionMgr:805 - Attr not supported : Dmpu
2024-11-08 20:50:38,862 [ERROR] ConditionMgr:805 - Attr not supported : Dmpu
2024-11-08 20:50:38,862 [ERROR] ConditionMgr:805 - Attr not supported : Dmpu
2024-11-08 20:50:38,862 [ERROR] ConditionMgr:805 - Attr not supported : Dmpu
2024-11-08 20:50:38,862 [ERROR] ConditionMgr:805 - Attr not supported : Dmpu
2024-11-08 20:50:38,863 [ERROR] ConditionMgr:805 - Attr not supported : Dmpu
2024-11-08 20:50:38,863 [ERROR] ConditionMgr:805 - Attr not supported : Dmpu
2024-11-08 20:50:38,863 [ERROR] ConditionMgr:805 - Attr not supported : Dmpu
2024-11-08 20:50:38,863 [ERROR] ConditionMgr:805 - Attr not supported : Dmpu
2024-11-08 20:50:38,863 [ERROR] ConditionMgr:805 - Attr not supported : Dmpu
2024-11-08 20:50:38,864 [ERROR] ConditionMgr:805 - Attr not supported : Dmpu
2024-11-08 20:50:38,864 [ERROR] ConditionMgr:805 - Attr not supported : Dmpu
2024-11-08 20:50:38,864 [ERROR] ConditionMgr:805 - Attr not supported : Dmpu
2024-11-08 20:50:38,864 [ERROR] ConditionMgr:805 - Attr not supported : Dmpu
2024-11-08 20:50:38,864 [ERROR] ConditionMgr:805 - Attr not supported : Dmpu
2024-11-08 20:50:38,864 [ERROR] ConditionMgr:805 - Attr not supported : Dmpu
2024-11-08 20:50:38,864 [ERROR] ConditionMgr:805 - Attr not supported : Dmpu
2024-11-08 20:50:38,864 [ERROR] ConditionMgr:805 - Attr not supported : Dmpu
2024-11-08 20:50:38,864 [ERROR] ConditionMgr:805 - Attr not supported : Dmpu
2024-11-08 20:50:38,864 [ERROR] ConditionMgr:805 - Attr not supported : Dmpu
2024-11-08 20:50:38,864 [ERROR] ConditionMgr:805 - Attr not supported : Dmpu
2024-11-08 20:50:38,864 [ERROR] ConditionMgr:805 - Attr not supported : Dmpu
2024-11-08 20:50:38,865 [ERROR] ConditionMgr:805 - Attr not supported : Dmpu
2024-11-08 20:50:38,865 [ERROR] ConditionMgr:805 - Attr not supported : Dmpu
2024-11-08 20:50:38,865 [ERROR] ConditionMgr:805 - Attr not supported : Dmpu
2024-11-08 20:50:38,865 [ERROR] ConditionMgr:805 - Attr not supported : Dmpu
2024-11-08 20:50:38,865 [ERROR] ConditionMgr:805 - Attr not supported : Dmpu
2024-11-08 20:50:38,865 [ERROR] ConditionMgr:805 - Attr not supported : Dmpu
2024-11-08 20:50:38,865 [ERROR] ConditionMgr:805 - Attr not supported : Dmpu
2024-11-08 20:50:38,865 [ERROR] ConditionMgr:805 - Attr not supported : Dmpu
2024-11-08 20:50:38,865 [ERROR] ConditionMgr:805 - Attr not supported : Dmpu
2024-11-08 20:50:38,865 [ERROR] ConditionMgr:805 - Attr not supported : Dmpu
2024-11-08 20:50:38,865 [ERROR] ConditionMgr:805 - Attr not supported : Dmpu
2024-11-08 20:50:38,866 [ERROR] ConditionMgr:805 - Attr not supported : Dmpu
2024-11-08 20:50:38,866 [ERROR] ConditionMgr:805 - Attr not supported : Dmpu
2024-11-08 20:50:38,866 [ERROR] ConditionMgr:805 - Attr not supported : Dmpu
2024-11-08 20:50:38,866 [ERROR] ConditionMgr:805 - Attr not supported : Dmpu
2024-11-08 20:50:38,866 [ERROR] ConditionMgr:805 - Attr not supported : Dmpu
2024-11-08 20:50:38,867 [ERROR] ConditionMgr:805 - Attr not supported : Dmpu
2024-11-08 20:50:38,867 [ERROR] ConditionMgr:805 - Attr not supported : Dmpu
2024-11-08 20:50:38,867 [ERROR] ConditionMgr:805 - Attr not supported : Dmpu
2024-11-08 20:50:38,867 [ERROR] ConditionMgr:805 - Attr not supported : Dmpu
2024-11-08 20:50:38,867 [ERROR] ConditionMgr:805 - Attr not supported : Dmpu
2024-11-08 20:50:38,867 [ERROR] ConditionMgr:805 - Attr not supported : Dmpu
2024-11-08 20:50:38,867 [ERROR] ConditionMgr:805 - Attr not supported : Dmpu
2024-11-08 20:50:38,867 [ERROR] ConditionMgr:805 - Attr not supported : Dmpu
2024-11-08 20:50:38,867 [ERROR] ConditionMgr:805 - Attr not supported : Dmpu
2024-11-08 20:50:38,868 [ERROR] ConditionMgr:805 - Attr not supported : Dmpu
2024-11-08 20:50:38,868 [ERROR] ConditionMgr:805 - Attr not supported : Dmpu
2024-11-08 20:50:38,868 [ERROR] ConditionMgr:805 - Attr not supported : Dmpu
2024-11-08 20:50:38,868 [ERROR] ConditionMgr:805 - Attr not supported : Dmpu
2024-11-08 20:50:38,868 [ERROR] ConditionMgr:805 - Attr not supported : Dmpu
2024-11-08 20:50:38,868 [ERROR] ConditionMgr:805 - Attr not supported : Dmpu
2024-11-08 20:50:38,868 [ERROR] ConditionMgr:805 - Attr not supported : Dmpu
2024-11-08 20:50:38,869 [ERROR] ConditionMgr:805 - Attr not supported : Dmpu
2024-11-08 20:50:38,869 [ERROR] ConditionMgr:805 - Attr not supported : Dmpu
2024-11-08 20:50:38,869 [ERROR] ConditionMgr:805 - Attr not supported : Dmpu
2024-11-08 20:50:38,869 [ERROR] ConditionMgr:805 - Attr not supported : Dmpu
2024-11-08 20:50:38,869 [ERROR] ConditionMgr:805 - Attr not supported : Dmpu
2024-11-08 20:50:38,869 [ERROR] ConditionMgr:805 - Attr not supported : Dmpu
2024-11-08 20:50:38,869 [ERROR] ConditionMgr:805 - Attr not supported : Dmpu
2024-11-08 20:50:38,931 [WARN] PackLoader:240 - Cannot read IP mode file for RealThread.X-CUBE-RT-Thread_Nano.4.1.1
2024-11-08 20:50:38,942 [WARN] PackLoader:240 - Cannot read IP mode file for STMicroelectronics.FP-ATR-SIGFOX1.3.2.0
2024-11-08 20:50:38,953 [WARN] PackLoader:240 - Cannot read IP mode file for wolfSSL.I-CUBE-wolfSSL.5.7.2
2024-11-08 20:50:38,970 [WARN] PackLoader:240 - Cannot read IP mode file for STMicroelectronics.X-CUBE-EEPRMA1.5.1.0
2024-11-08 20:50:38,985 [WARN] PackLoader:240 - Cannot read IP mode file for ITTIA_DB.I-CUBE-ITTIADB.8.9.0
2024-11-08 20:50:39,062 [WARN] PackLoader:240 - Cannot read IP mode file for SEGGER.I-CUBE-embOS.1.3.1
2024-11-08 20:50:39,116 [WARN] PackLoader:240 - Cannot read IP mode file for STMicroelectronics.X-CUBE-ALGOBUILD.1.4.0
2024-11-08 20:50:39,124 [WARN] PackLoader:240 - Cannot read IP mode file for STMicroelectronics.X-CUBE-AI.9.1.0
2024-11-08 20:50:39,149 [WARN] PackLoader:240 - Cannot read IP mode file for STMicroelectronics.X-CUBE-AZRTOS-F4.1.1.0
2024-11-08 20:50:39,166 [WARN] PackLoader:240 - Cannot read IP mode file for STMicroelectronics.X-CUBE-ISPU.2.1.0
2024-11-08 20:50:39,176 [WARN] PackLoader:240 - Cannot read IP mode file for STMicroelectronics.X-CUBE-FREERTOS.1.2.0
2024-11-08 20:50:39,205 [WARN] PackLoader:240 - Cannot read IP mode file for STMicroelectronics.X-CUBE-AZRTOS-L5.2.0.0
2024-11-08 20:50:39,219 [WARN] PackLoader:240 - Cannot read IP mode file for STMicroelectronics.X-CUBE-NFC6.3.1.0
2024-11-08 20:50:39,233 [WARN] PackLoader:240 - Cannot read IP mode file for STMicroelectronics.X-CUBE-DPower.1.2.0
2024-11-08 20:50:39,238 [WARN] PackLoader:240 - Cannot read IP mode file for STMicroelectronics.X-CUBE-AI.9.0.0
2024-11-08 20:50:39,247 [WARN] PackLoader:240 - Cannot read IP mode file for STMicroelectronics.X-CUBE-NFC7.1.0.1
2024-11-08 20:50:39,275 [WARN] ConditionMgr:438 - getConditionDescription Invalid condition id : LAN8742 Phy interface Condition cause : null
2024-11-08 20:50:39,276 [WARN] PackLoader:240 - Cannot read IP mode file for STMicroelectronics.X-CUBE-AZRTOS-L4.2.0.0
2024-11-08 20:50:39,278 [WARN] ConditionMgr:1039 - genDependencies : Invalid condition id : LAN8742 Phy interface Condition cause : null
2024-11-08 20:50:39,278 [WARN] ConditionMgr:1039 - genDependencies : Invalid condition id : LAN8742 Phy interface Condition cause : null
2024-11-08 20:50:39,279 [WARN] ConditionMgr:1039 - genDependencies : Invalid condition id : LAN8742 Phy interface Condition cause : null
2024-11-08 20:50:39,290 [WARN] PackLoader:240 - Cannot read IP mode file for STMicroelectronics.X-CUBE-SFXS2LP1.4.0.0
2024-11-08 20:50:39,316 [WARN] PackLoader:240 - Cannot read IP mode file for STMicroelectronics.X-CUBE-AZRTOS-H7.3.3.0
2024-11-08 20:50:39,345 [WARN] PackLoader:240 - Cannot read IP mode file for STMicroelectronics.X-CUBE-IPS.3.0.0
2024-11-08 20:50:39,365 [WARN] ConditionMgr:438 - getConditionDescription Invalid condition id : UX DEVICE CLASS RTOS Condition cause : null
2024-11-08 20:50:39,367 [WARN] ConditionMgr:438 - getConditionDescription Invalid condition id : UX DEVICE CLASS RTOS Condition cause : null
2024-11-08 20:50:39,369 [WARN] PackLoader:240 - Cannot read IP mode file for STMicroelectronics.X-CUBE-AZRTOS-WB.2.0.0
2024-11-08 20:50:39,371 [WARN] ConditionMgr:1039 - genDependencies : Invalid condition id : UX DEVICE CLASS RTOS Condition cause : null
2024-11-08 20:50:39,371 [WARN] ConditionMgr:1039 - genDependencies : Invalid condition id : UX DEVICE CLASS RTOS Condition cause : null
2024-11-08 20:50:39,371 [WARN] ConditionMgr:1039 - genDependencies : Invalid condition id : UX DEVICE CLASS RTOS Condition cause : null
2024-11-08 20:50:39,371 [WARN] ConditionMgr:1039 - genDependencies : Invalid condition id : UX DEVICE CLASS RTOS Condition cause : null
2024-11-08 20:50:39,371 [WARN] ConditionMgr:1039 - genDependencies : Invalid condition id : UX DEVICE CLASS RTOS Condition cause : null
2024-11-08 20:50:39,379 [WARN] PackLoader:240 - Cannot read IP mode file for STMicroelectronics.X-CUBE-GNSS1.7.0.0
2024-11-08 20:50:39,386 [WARN] PackLoader:240 - Cannot read IP mode file for STMicroelectronics.FP-SNS-STBOX1.2.0.0
2024-11-08 20:50:39,402 [WARN] PackLoader:240 - Cannot read IP mode file for STMicroelectronics.X-CUBE-SUBG2.5.0.0
2024-11-08 20:50:39,411 [WARN] PackLoader:240 - Cannot read IP mode file for Cesanta.I-CUBE-Mongoose.7.13.0
2024-11-08 20:50:39,432 [WARN] PackLoader:240 - Cannot read IP mode file for STMicroelectronics.X-CUBE-AZRTOS-G4.2.0.0
2024-11-08 20:50:39,439 [WARN] PackLoader:240 - Cannot read IP mode file for STMicroelectronics.X-CUBE-ALS.1.0.2
2024-11-08 20:50:39,445 [WARN] PackLoader:240 - Cannot read IP mode file for STMicroelectronics.X-CUBE-TOUCHGFX.4.24.1
2024-11-08 20:50:39,449 [WARN] PackLoader:240 - Cannot read IP mode file for wolfSSL.I-CUBE-wolfTPM.3.4.0
2024-11-08 20:50:39,456 [WARN] PackLoader:240 - Cannot read IP mode file for portGmbH.I-Cube-SoM-uGOAL.1.1.0
2024-11-08 20:50:39,483 [WARN] PackLoader:240 - Cannot read IP mode file for STMicroelectronics.X-CUBE-AZRTOS-H7RS.1.0.0
2024-11-08 20:50:39,497 [WARN] PackLoader:240 - Cannot read IP mode file for STMicroelectronics.FP-ATR-ASTRA1.2.0.0
2024-11-08 20:50:39,517 [WARN] PackLoader:240 - Cannot read IP mode file for STMicroelectronics.X-CUBE-TOF1.3.4.2
2024-11-08 20:50:39,565 [WARN] PackLoader:240 - Cannot read IP mode file for Infineon.AIROC-Wi-Fi-Bluetooth-STM32.1.6.1
2024-11-08 20:50:39,578 [WARN] PackLoader:240 - Cannot read IP mode file for wolfSSL.I-CUBE-wolfSSH.1.4.17
2024-11-08 20:50:39,579 [INFO] ThirdParty:978 - Integrity check success = true
2024-11-08 20:50:39,579 [INFO] IntegrityCheckThread:100 - exiting critical section [integrity check]
2024-11-08 20:50:39,580 [INFO] IntegrityCheckThread:103 - End integrity checks thread
2024-11-08 20:50:39,805 [INFO] WebApp:448 - Apply proxy settings
2024-11-08 20:50:39,806 [INFO] WebApp:533 - Chromium requires no authentication
2024-11-08 20:50:39,823 [INFO] WebApp:476 - Direct internet connection detected
2024-11-08 20:50:39,882 [INFO] WebApp:869 - Register for checkConnection events
2024-11-08 20:50:39,882 [INFO] WebApp:448 - Apply proxy settings
2024-11-08 20:50:39,883 [INFO] WebApp:533 - Chromium requires no authentication
2024-11-08 20:50:39,884 [INFO] WebApp:476 - Direct internet connection detected
2024-11-08 20:50:40,189 [INFO] WebApp:220 - Starting web application
2024-11-08 20:50:40,189 [INFO] WebApp:578 - Web application path used C:\ST\STM32CubeIDE_1.16.1\STM32CubeIDE\plugins\com.st.stm32cube.common.mx_6.12.1.202409122256\db\plugins\mcufinder\reactClient1\index.html
2024-11-08 20:50:40,454 [INFO] WebApp:186 - Connection restablished
2024-11-08 20:50:40,558 [INFO] UserAuth:417 - Internet connection configuration mode: 1
